<?xml version="1.0" encoding="UTF-8"?>
<testng-results ignored="0" total="1" passed="1" failed="0" skipped="0">
  <reporter-output>
  </reporter-output>
  <suite started-at="2026-06-02T17:32:00 IST" name="SeleniumFrameworkSuite" finished-at="2026-06-02T17:32:24 IST" duration-ms="24856">
    <groups>
    </groups>
    <test started-at="2026-06-02T17:32:00 IST" name="LoginTests" finished-at="2026-06-02T17:32:24 IST" duration-ms="24856">
      <class name="tests.LoginTest">
        <test-method is-config="true" signature="setUp()[pri:0, instance:tests.LoginTest@1dde4cb2]" started-at="2026-06-02T17:32:00 IST" name="setUp" finished-at="2026-06-02T17:32:16 IST" duration-ms="16520" status="PASS">
          <reporter-output>
          </reporter-output>
        </test-method> <!-- setUp -->
        <test-method signature="Login()[pri:0, instance:tests.LoginTest@1dde4cb2]" started-at="2026-06-02T17:32:16 IST" name="Login" finished-at="2026-06-02T17:32:24 IST" duration-ms="7741" status="PASS">
          <reporter-output>
          </reporter-output>
        </test-method> <!-- Login -->
        <test-method is-config="true" signature="tearDown()[pri:0, instance:tests.LoginTest@1dde4cb2]" started-at="2026-06-02T17:32:24 IST" name="tearDown" finished-at="2026-06-02T17:32:24 IST" duration-ms="535" status="PASS">
          <reporter-output>
          </reporter-output>
        </test-method> <!-- tearDown -->
      </class> <!-- tests.LoginTest -->
    </test> <!-- LoginTests -->
  </suite> <!-- SeleniumFrameworkSuite -->
</testng-results>
