<?xml version="1.0" encoding="UTF-8"?>
<testng-results ignored="0" total="1" passed="1" failed="0" skipped="0">
  <reporter-output>
  </reporter-output>
  <suite started-at="2026-05-30T19:22:30 IST" name="Default suite" finished-at="2026-05-30T19:22:47 IST" duration-ms="17100">
    <groups>
    </groups>
    <test started-at="2026-05-30T19:22:30 IST" name="Default test" finished-at="2026-05-30T19:22:47 IST" duration-ms="17100">
      <class name="tests.LoginTest">
        <test-method is-config="true" signature="setUp()[pri:0, instance:tests.LoginTest@4c583ecf]" started-at="2026-05-30T19:22:30 IST" name="setUp" finished-at="2026-05-30T19:22:45 IST" duration-ms="14874" status="PASS">
          <reporter-output>
          </reporter-output>
        </test-method> <!-- setUp -->
        <test-method signature="Login()[pri:0, instance:tests.LoginTest@4c583ecf]" started-at="2026-05-30T19:22:45 IST" name="Login" finished-at="2026-05-30T19:22:47 IST" duration-ms="1672" status="PASS">
          <reporter-output>
          </reporter-output>
        </test-method> <!-- Login -->
        <test-method is-config="true" signature="tearDown()[pri:0, instance:tests.LoginTest@4c583ecf]" started-at="2026-05-30T19:22:47 IST" name="tearDown" finished-at="2026-05-30T19:22:47 IST" duration-ms="484" status="PASS">
          <reporter-output>
          </reporter-output>
        </test-method> <!-- tearDown -->
      </class> <!-- tests.LoginTest -->
    </test> <!-- Default test -->
  </suite> <!-- Default suite -->
</testng-results>
