<?xml version="1.0" encoding="UTF-8"?>
<testng-results ignored="0" total="1" passed="1" failed="0" skipped="0">
  <reporter-output>
  </reporter-output>
  <suite started-at="2026-05-30T15:06:36 IST" name="Default suite" finished-at="2026-05-30T15:06:51 IST" duration-ms="15010">
    <groups>
    </groups>
    <test started-at="2026-05-30T15:06:36 IST" name="Default test" finished-at="2026-05-30T15:06:51 IST" duration-ms="15010">
      <class name="tests.LoginTest">
        <test-method is-config="true" signature="setUp()[pri:0, instance:tests.LoginTest@47eaca72]" started-at="2026-05-30T15:06:36 IST" name="setUp" finished-at="2026-05-30T15:06:51 IST" duration-ms="14217" status="PASS">
          <reporter-output>
          </reporter-output>
        </test-method> <!-- setUp -->
        <test-method signature="Login()[pri:0, instance:tests.LoginTest@47eaca72]" started-at="2026-05-30T15:06:51 IST" name="Login" finished-at="2026-05-30T15:06:51 IST" duration-ms="353" status="PASS">
          <reporter-output>
          </reporter-output>
        </test-method> <!-- Login -->
        <test-method is-config="true" signature="tearDown()[pri:0, instance:tests.LoginTest@47eaca72]" started-at="2026-05-30T15:06:51 IST" name="tearDown" finished-at="2026-05-30T15:06:51 IST" duration-ms="380" status="PASS">
          <reporter-output>
          </reporter-output>
        </test-method> <!-- tearDown -->
      </class> <!-- tests.LoginTest -->
    </test> <!-- Default test -->
  </suite> <!-- Default suite -->
</testng-results>
